18:06:12.042 [main] INFO  testCases.TC001_AccountRegistrationTest - ******* Starting TC001_AccountRegistrationTest ********
18:06:12.131 [main] INFO  testCases.TC001_AccountRegistrationTest - bdndnasb
18:06:12.802 [main] INFO  testCases.TC001_AccountRegistrationTest -  clicked on Resister Link 
18:06:12.802 [main] INFO  testCases.TC001_AccountRegistrationTest -  providing customer details 
18:06:14.162 [main] INFO  testCases.TC001_AccountRegistrationTest - Validating expected message 
18:08:42.616 [main] INFO  testCases.TC001_AccountRegistrationTest - ******* Starting TC001_AccountRegistrationTest ********
18:08:42.697 [main] INFO  testCases.TC001_AccountRegistrationTest - bdndnasb
18:08:43.217 [main] INFO  testCases.TC001_AccountRegistrationTest -  clicked on Resister Link 
18:08:43.217 [main] INFO  testCases.TC001_AccountRegistrationTest -  providing customer details 
18:08:44.858 [main] INFO  testCases.TC001_AccountRegistrationTest - Validating expected message 
19:19:01.638 [main] INFO  testCases.TC001_AccountRegistrationTest - ******* Starting TC001_AccountRegistrationTest ********
19:19:01.760 [main] INFO  testCases.TC001_AccountRegistrationTest - clicked on myaccount
19:19:02.451 [main] INFO  testCases.TC001_AccountRegistrationTest -  clicked on Resister Link 
19:19:02.451 [main] INFO  testCases.TC001_AccountRegistrationTest -  providing customer details 
19:19:04.138 [main] INFO  testCases.TC001_AccountRegistrationTest - Validating expected message 
19:19:24.356 [main] INFO  testCases.TC001_AccountRegistrationTest - ******* Starting TC001_AccountRegistrationTest ********
19:19:24.446 [main] INFO  testCases.TC001_AccountRegistrationTest - clicked on myaccount
19:19:25.248 [main] INFO  testCases.TC001_AccountRegistrationTest -  clicked on Resister Link 
19:19:25.248 [main] INFO  testCases.TC001_AccountRegistrationTest -  providing customer details 
19:19:27.505 [main] INFO  testCases.TC001_AccountRegistrationTest - Validating expected message 
19:19:44.400 [main] INFO  testCases.TC001_AccountRegistrationTest - ******* Starting TC001_AccountRegistrationTest ********
19:19:44.502 [main] INFO  testCases.TC001_AccountRegistrationTest - clicked on myaccount
19:19:46.681 [main] INFO  testCases.TC001_AccountRegistrationTest -  clicked on Resister Link 
19:19:46.681 [main] INFO  testCases.TC001_AccountRegistrationTest -  providing customer details 
19:19:50.394 [main] INFO  testCases.TC001_AccountRegistrationTest - Validating expected message 
19:39:57.357 [TestNG-tests-1] INFO  testCases.TC001_AccountRegistrationTest - ******* Starting TC001_AccountRegistrationTest ********
19:39:58.295 [TestNG-tests-1] INFO  testCases.TC001_AccountRegistrationTest - clicked on myaccount
19:39:59.901 [TestNG-tests-1] INFO  testCases.TC001_AccountRegistrationTest -  clicked on Resister Link 
19:39:59.902 [TestNG-tests-1] INFO  testCases.TC001_AccountRegistrationTest -  providing customer details 
19:40:02.626 [TestNG-tests-2] INFO  testCases.TC001_AccountRegistrationTest - ******* Starting TC001_AccountRegistrationTest ********
19:40:02.811 [TestNG-tests-2] INFO  testCases.TC001_AccountRegistrationTest - clicked on myaccount
19:40:05.805 [TestNG-tests-1] INFO  testCases.TC001_AccountRegistrationTest - Validating expected message 
19:40:06.171 [TestNG-tests-3] INFO  testCases.TC001_AccountRegistrationTest - ******* Starting TC001_AccountRegistrationTest ********
19:40:06.190 [TestNG-tests-2] INFO  testCases.TC001_AccountRegistrationTest -  clicked on Resister Link 
19:40:06.190 [TestNG-tests-2] INFO  testCases.TC001_AccountRegistrationTest -  providing customer details 
19:40:06.430 [TestNG-tests-3] INFO  testCases.TC001_AccountRegistrationTest - clicked on myaccount
19:40:07.326 [TestNG-tests-3] INFO  testCases.TC001_AccountRegistrationTest -  clicked on Resister Link 
19:40:07.327 [TestNG-tests-3] INFO  testCases.TC001_AccountRegistrationTest -  providing customer details 
19:40:09.727 [TestNG-tests-2] INFO  testCases.TC001_AccountRegistrationTest - Validating expected message 
19:40:10.877 [TestNG-tests-3] INFO  testCases.TC001_AccountRegistrationTest - Validating expected message 
19:41:18.438 [TestNG-tests-1] INFO  testCases.TC001_AccountRegistrationTest - ******* Starting TC001_AccountRegistrationTest ********
19:41:19.076 [TestNG-tests-1] INFO  testCases.TC001_AccountRegistrationTest - clicked on myaccount
19:41:21.017 [TestNG-tests-1] INFO  testCases.TC001_AccountRegistrationTest -  clicked on Resister Link 
19:41:21.017 [TestNG-tests-1] INFO  testCases.TC001_AccountRegistrationTest -  providing customer details 
19:41:23.673 [TestNG-tests-2] INFO  testCases.TC001_AccountRegistrationTest - ******* Starting TC001_AccountRegistrationTest ********
19:41:24.079 [TestNG-tests-2] INFO  testCases.TC001_AccountRegistrationTest - clicked on myaccount
19:41:26.333 [TestNG-tests-1] INFO  testCases.TC001_AccountRegistrationTest - Validating expected message 
19:41:26.926 [TestNG-tests-2] INFO  testCases.TC001_AccountRegistrationTest -  clicked on Resister Link 
